<?xml version="1.0" encoding="UTF-8"?>
<!-- Generated by org.testng.reporters.JUnitReportReporter -->
<testsuite hostname="WIN-3T66VS8MIRJ" failures="0" tests="1" name="testngdemos.TestNGSequence" time="0.007" errors="0" timestamp="2021-11-26T14:49:18 IST" skipped="0">
  <testcase classname="testngdemos.TestNGSequence" name="checktitle" time="0.007"/>
  <system-out/>
</testsuite> <!-- testngdemos.TestNGSequence -->
