<?xml version="1.0" encoding="UTF-8"?>
<!-- Generated by org.testng.reporters.JUnitReportReporter -->
<testsuite hostname="WIN-3T66VS8MIRJ" failures="0" tests="3" name="testngdemos.DependenciesDemo" time="7.355" errors="0" timestamp="2021-11-26T15:24:11 IST" skipped="0">
  <testcase classname="testngdemos.DependenciesDemo" name="startapp" time="3.875"/>
  <system-out/>
  <testcase classname="testngdemos.DependenciesDemo" name="loginapp" time="2.539"/>
  <system-out/>
  <testcase classname="testngdemos.DependenciesDemo" name="signoff" time="0.941"/>
  <system-out/>
</testsuite> <!-- testngdemos.DependenciesDemo -->
