<?xml version="1.0" encoding="UTF-8"?>
<!-- Generated by org.testng.reporters.JUnitReportReporter -->
<testsuite hostname="WIN-3T66VS8MIRJ" failures="0" tests="3" name="testngdemos.PriortiyDemo" time="7.802" errors="0" timestamp="2021-11-30T07:18:00 IST" skipped="0">
  <testcase classname="testngdemos.PriortiyDemo" name="startapp" time="4.174"/>
  <system-out/>
  <testcase classname="testngdemos.PriortiyDemo" name="login" time="2.637"/>
  <system-out/>
  <testcase classname="testngdemos.PriortiyDemo" name="signoff" time="0.991"/>
  <system-out/>
</testsuite> <!-- testngdemos.PriortiyDemo -->
