<?xml version="1.0" encoding="UTF-8"?>
<!-- Generated by org.testng.reporters.JUnitReportReporter -->
<testsuite hostname="WIN-3T66VS8MIRJ" failures="0" tests="4" name="testngdemos.Assert" time="11.898" errors="0" timestamp="2021-11-26T15:55:39 IST" skipped="0">
  <testcase classname="testngdemos.Assert" name="startapp" time="3.919"/>
  <system-out/>
  <testcase classname="testngdemos.Assert" name="loginapp" time="7.096"/>
  <system-out/>
  <testcase classname="testngdemos.Assert" name="closebrowser" time="0.101"/>
  <system-out/>
  <testcase classname="testngdemos.Assert" name="signoff" time="0.782"/>
  <system-out/>
</testsuite> <!-- testngdemos.Assert -->
