<?xml version="1.0" encoding="UTF-8"?>
<!-- Generated by org.testng.reporters.JUnitReportReporter -->
<testsuite hostname="WIN-3T66VS8MIRJ" failures="0" tests="3" name="testngdemos.DataProviderMethod" time="26.827" errors="0" timestamp="2021-11-29T11:11:57 IST" skipped="0">
  <testcase classname="testngdemos.DataProviderMethod" name="f" time="9.183"/>
  <system-out/>
  <testcase classname="testngdemos.DataProviderMethod" name="f" time="9.657"/>
  <system-out/>
  <testcase classname="testngdemos.DataProviderMethod" name="f" time="7.987"/>
  <system-out/>
</testsuite> <!-- testngdemos.DataProviderMethod -->
