<?xml version="1.0" encoding="UTF-8"?>
<!-- Generated by org.testng.reporters.JUnitReportReporter -->
<testsuite hostname="WIN-3T66VS8MIRJ" failures="0" tests="2" name="groupsdemo.Testgroup1" time="0.009" errors="0" timestamp="2021-11-29T12:20:56 IST" skipped="0">
  <testcase classname="groupsdemo.Testgroup1" name="Test1" time="0.008"/>
  <system-out/>
  <testcase classname="groupsdemo.Testgroup1" name="Test2" time="0.001"/>
  <system-out/>
</testsuite> <!-- groupsdemo.Testgroup1 -->
