<?xml version="1.0" encoding="UTF-8"?>
<!-- Generated by org.testng.reporters.JUnitReportReporter -->
<testsuite hostname="WIN-3T66VS8MIRJ" failures="0" tests="3" name="testngdemos.DataProviderDemo" time="17.588" errors="0" timestamp="2021-12-02T13:14:27 IST" skipped="0">
  <testcase classname="testngdemos.DataProviderDemo" name="f" time="6.399"/>
  <system-out/>
  <testcase classname="testngdemos.DataProviderDemo" name="f" time="5.651"/>
  <system-out/>
  <testcase classname="testngdemos.DataProviderDemo" name="f" time="5.538"/>
  <system-out/>
</testsuite> <!-- testngdemos.DataProviderDemo -->
